Performing system checks...

System check identified no issues (0 silenced).
February 01, 2020 - 14:53:49
Django version 2.1.3, using settings 'backendsql.settings'
Starting development server at http://0:7106/
Quit the server with CONTROL-C.
  File "manage.py", line 14
    ) from exc
         ^
SyntaxError: invalid syntax
Performing system checks...

System check identified no issues (0 silenced).
June 01, 2020 - 09:37:35
Django version 2.1.3, using settings 'backendsql.settings'
Starting development server at http://0:7106/
Quit the server with CONTROL-C.
Unhandled exception in thread started by <function check_errors.<locals>.wrapper at 0x111c09f28>
Traceback (most recent call last):
  File "/Users/ronghua.wu/workspace/littlepro/littlemall-backend-sql/ll_env/lib/python3.7/site-packages/django/utils/autoreload.py", line 225, in wrapper
    fn(*args, **kwargs)
  File "/Users/ronghua.wu/workspace/littlepro/littlemall-backend-sql/ll_env/lib/python3.7/site-packages/django/core/management/commands/runserver.py", line 117, in inner_run
    self.check(display_num_errors=True)
  File "/Users/ronghua.wu/workspace/littlepro/littlemall-backend-sql/ll_env/lib/python3.7/site-packages/django/core/management/base.py", line 379, in check
    include_deployment_checks=include_deployment_checks,
  File "/Users/ronghua.wu/workspace/littlepro/littlemall-backend-sql/ll_env/lib/python3.7/site-packages/django/core/management/base.py", line 366, in _run_checks
    return checks.run_checks(**kwargs)
  File "/Users/ronghua.wu/workspace/littlepro/littlemall-backend-sql/ll_env/lib/python3.7/site-packages/django/core/checks/registry.py", line 71, in run_checks
    new_errors = check(app_configs=app_configs)
  File "/Users/ronghua.wu/workspace/littlepro/littlemall-backend-sql/ll_env/lib/python3.7/site-packages/django/core/checks/urls.py", line 40, in check_url_namespaces_unique
    all_namespaces = _load_all_namespaces(resolver)
  File "/Users/ronghua.wu/workspace/littlepro/littlemall-backend-sql/ll_env/lib/python3.7/site-packages/django/core/checks/urls.py", line 57, in _load_all_namespaces
    url_patterns = getattr(resolver, 'url_patterns', [])
  File "/Users/ronghua.wu/workspace/littlepro/littlemall-backend-sql/ll_env/lib/python3.7/site-packages/django/utils/functional.py", line 37, in __get__
    res = instance.__dict__[self.name] = self.func(instance)
  File "/Users/ronghua.wu/workspace/littlepro/littlemall-backend-sql/ll_env/lib/python3.7/site-packages/django/urls/resolvers.py", line 533, in url_patterns
    patterns = getattr(self.urlconf_module, "urlpatterns", self.urlconf_module)
  File "/Users/ronghua.wu/workspace/littlepro/littlemall-backend-sql/ll_env/lib/python3.7/site-packages/django/utils/functional.py", line 37, in __get__
    res = instance.__dict__[self.name] = self.func(instance)
  File "/Users/ronghua.wu/workspace/littlepro/littlemall-backend-sql/ll_env/lib/python3.7/site-packages/django/urls/resolvers.py", line 526, in urlconf_module
    return import_module(self.urlconf_name)
  File "/Users/ronghua.wu/workspace/littlepro/littlemall-backend-sql/ll_env/lib/python3.7/importlib/__init__.py", line 127, in import_module
    return _bootstrap._gcd_import(name[level:], package, level)
  File "<frozen importlib._bootstrap>", line 1006, in _gcd_import
  File "<frozen importlib._bootstrap>", line 983, in _find_and_load
  File "<frozen importlib._bootstrap>", line 967, in _find_and_load_unlocked
  File "<frozen importlib._bootstrap>", line 677, in _load_unlocked
  File "<frozen importlib._bootstrap_external>", line 728, in exec_module
  File "<frozen importlib._bootstrap>", line 219, in _call_with_frames_removed
  File "/Users/ronghua.wu/workspace/littlepro/littlemall-backend-sql/backendsql/backendsql/urls.py", line 22, in <module>
    url(r'^api/', include('backendsql.api_urls'))
  File "/Users/ronghua.wu/workspace/littlepro/littlemall-backend-sql/ll_env/lib/python3.7/site-packages/django/urls/conf.py", line 34, in include
    urlconf_module = import_module(urlconf_module)
  File "/Users/ronghua.wu/workspace/littlepro/littlemall-backend-sql/ll_env/lib/python3.7/importlib/__init__.py", line 127, in import_module
    return _bootstrap._gcd_import(name[level:], package, level)
  File "<frozen importlib._bootstrap>", line 1006, in _gcd_import
  File "<frozen importlib._bootstrap>", line 983, in _find_and_load
  File "<frozen importlib._bootstrap>", line 967, in _find_and_load_unlocked
  File "<frozen importlib._bootstrap>", line 677, in _load_unlocked
  File "<frozen importlib._bootstrap_external>", line 728, in exec_module
  File "<frozen importlib._bootstrap>", line 219, in _call_with_frames_removed
  File "/Users/ronghua.wu/workspace/littlepro/littlemall-backend-sql/backendsql/backendsql/api_urls.py", line 10, in <module>
    url(r'^session/', include('session.urls')),
  File "/Users/ronghua.wu/workspace/littlepro/littlemall-backend-sql/ll_env/lib/python3.7/site-packages/django/urls/conf.py", line 34, in include
    urlconf_module = import_module(urlconf_module)
  File "/Users/ronghua.wu/workspace/littlepro/littlemall-backend-sql/ll_env/lib/python3.7/importlib/__init__.py", line 127, in import_module
    return _bootstrap._gcd_import(name[level:], package, level)
  File "<frozen importlib._bootstrap>", line 1006, in _gcd_import
  File "<frozen importlib._bootstrap>", line 983, in _find_and_load
  File "<frozen importlib._bootstrap>", line 967, in _find_and_load_unlocked
  File "<frozen importlib._bootstrap>", line 677, in _load_unlocked
  File "<frozen importlib._bootstrap_external>", line 728, in exec_module
  File "<frozen importlib._bootstrap>", line 219, in _call_with_frames_removed
  File "/Users/ronghua.wu/workspace/littlepro/littlemall-backend-sql/backendsql/session/urls.py", line 5, in <module>
    from . import views
  File "/Users/ronghua.wu/workspace/littlepro/littlemall-backend-sql/backendsql/session/views.py", line 6, in <module>
    class NormalSessionListView(APIView):
NameError: name 'APIView' is not defined
Performing system checks...

Performing system checks...

System check identified no issues (0 silenced).
June 01, 2020 - 09:41:35
Django version 2.1.3, using settings 'backendsql.settings'
Starting development server at http://0:7106/
Quit the server with CONTROL-C.
Performing system checks...

System check identified no issues (0 silenced).
June 01, 2020 - 09:42:03
Django version 2.1.3, using settings 'backendsql.settings'
Starting development server at http://0:7106/
Quit the server with CONTROL-C.
Performing system checks...

System check identified no issues (0 silenced).
June 01, 2020 - 09:43:24
Django version 2.1.3, using settings 'backendsql.settings'
Starting development server at http://0:7106/
Quit the server with CONTROL-C.
Performing system checks...

System check identified no issues (0 silenced).
June 01, 2020 - 09:43:36
Django version 2.1.3, using settings 'backendsql.settings'
Starting development server at http://0:7106/
Quit the server with CONTROL-C.
Performing system checks...

System check identified no issues (0 silenced).
June 01, 2020 - 09:43:48
Django version 2.1.3, using settings 'backendsql.settings'
Starting development server at http://0:7106/
Quit the server with CONTROL-C.
Performing system checks...

System check identified no issues (0 silenced).
June 01, 2020 - 09:44:10
Django version 2.1.3, using settings 'backendsql.settings'
Starting development server at http://0:7106/
Quit the server with CONTROL-C.
Performing system checks...

System check identified no issues (0 silenced).
June 01, 2020 - 09:45:25
Django version 2.1.3, using settings 'backendsql.settings'
Starting development server at http://0:7106/
Quit the server with CONTROL-C.
Performing system checks...

System check identified no issues (0 silenced).
June 01, 2020 - 09:45:33
Django version 2.1.3, using settings 'backendsql.settings'
Starting development server at http://0:7106/
Quit the server with CONTROL-C.
Performing system checks...

System check identified no issues (0 silenced).
June 01, 2020 - 09:45:38
Django version 2.1.3, using settings 'backendsql.settings'
Starting development server at http://0:7106/
Quit the server with CONTROL-C.
Performing system checks...

System check identified no issues (0 silenced).
June 01, 2020 - 09:46:23
Django version 2.1.3, using settings 'backendsql.settings'
Starting development server at http://0:7106/
Quit the server with CONTROL-C.
Performing system checks...

System check identified no issues (0 silenced).
June 01, 2020 - 09:46:51
Django version 2.1.3, using settings 'backendsql.settings'
Starting development server at http://0:7106/
Quit the server with CONTROL-C.
Performing system checks...

System check identified no issues (0 silenced).
June 01, 2020 - 09:46:54
Django version 2.1.3, using settings 'backendsql.settings'
Starting development server at http://0:7106/
Quit the server with CONTROL-C.
Unhandled exception in thread started by <function check_errors.<locals>.wrapper at 0x109ed0f28>
Traceback (most recent call last):
  File "/Users/ronghua.wu/workspace/littlepro/littlemall-backend-sql/ll_env/lib/python3.7/site-packages/django/utils/autoreload.py", line 225, in wrapper
    fn(*args, **kwargs)
  File "/Users/ronghua.wu/workspace/littlepro/littlemall-backend-sql/ll_env/lib/python3.7/site-packages/django/core/management/commands/runserver.py", line 117, in inner_run
    self.check(display_num_errors=True)
  File "/Users/ronghua.wu/workspace/littlepro/littlemall-backend-sql/ll_env/lib/python3.7/site-packages/django/core/management/base.py", line 379, in check
    include_deployment_checks=include_deployment_checks,
  File "/Users/ronghua.wu/workspace/littlepro/littlemall-backend-sql/ll_env/lib/python3.7/site-packages/django/core/management/base.py", line 366, in _run_checks
    return checks.run_checks(**kwargs)
  File "/Users/ronghua.wu/workspace/littlepro/littlemall-backend-sql/ll_env/lib/python3.7/site-packages/django/core/checks/registry.py", line 71, in run_checks
    new_errors = check(app_configs=app_configs)
  File "/Users/ronghua.wu/workspace/littlepro/littlemall-backend-sql/ll_env/lib/python3.7/site-packages/django/core/checks/urls.py", line 40, in check_url_namespaces_unique
    all_namespaces = _load_all_namespaces(resolver)
  File "/Users/ronghua.wu/workspace/littlepro/littlemall-backend-sql/ll_env/lib/python3.7/site-packages/django/core/checks/urls.py", line 57, in _load_all_namespaces
    url_patterns = getattr(resolver, 'url_patterns', [])
  File "/Users/ronghua.wu/workspace/littlepro/littlemall-backend-sql/ll_env/lib/python3.7/site-packages/django/utils/functional.py", line 37, in __get__
    res = instance.__dict__[self.name] = self.func(instance)
  File "/Users/ronghua.wu/workspace/littlepro/littlemall-backend-sql/ll_env/lib/python3.7/site-packages/django/urls/resolvers.py", line 533, in url_patterns
    patterns = getattr(self.urlconf_module, "urlpatterns", self.urlconf_module)
  File "/Users/ronghua.wu/workspace/littlepro/littlemall-backend-sql/ll_env/lib/python3.7/site-packages/django/utils/functional.py", line 37, in __get__
    res = instance.__dict__[self.name] = self.func(instance)
  File "/Users/ronghua.wu/workspace/littlepro/littlemall-backend-sql/ll_env/lib/python3.7/site-packages/django/urls/resolvers.py", line 526, in urlconf_module
    return import_module(self.urlconf_name)
  File "/Users/ronghua.wu/workspace/littlepro/littlemall-backend-sql/ll_env/lib/python3.7/importlib/__init__.py", line 127, in import_module
    return _bootstrap._gcd_import(name[level:], package, level)
  File "<frozen importlib._bootstrap>", line 1006, in _gcd_import
  File "<frozen importlib._bootstrap>", line 983, in _find_and_load
  File "<frozen importlib._bootstrap>", line 967, in _find_and_load_unlocked
  File "<frozen importlib._bootstrap>", line 677, in _load_unlocked
  File "<frozen importlib._bootstrap_external>", line 728, in exec_module
  File "<frozen importlib._bootstrap>", line 219, in _call_with_frames_removed
  File "/Users/ronghua.wu/workspace/littlepro/littlemall-backend-sql/backendsql/backendsql/urls.py", line 22, in <module>
    url(r'^api/', include('backendsql.api_urls'))
  File "/Users/ronghua.wu/workspace/littlepro/littlemall-backend-sql/ll_env/lib/python3.7/site-packages/django/urls/conf.py", line 34, in include
    urlconf_module = import_module(urlconf_module)
  File "/Users/ronghua.wu/workspace/littlepro/littlemall-backend-sql/ll_env/lib/python3.7/importlib/__init__.py", line 127, in import_module
    return _bootstrap._gcd_import(name[level:], package, level)
  File "<frozen importlib._bootstrap>", line 1006, in _gcd_import
  File "<frozen importlib._bootstrap>", line 983, in _find_and_load
  File "<frozen importlib._bootstrap>", line 967, in _find_and_load_unlocked
  File "<frozen importlib._bootstrap>", line 677, in _load_unlocked
  File "<frozen importlib._bootstrap_external>", line 728, in exec_module
  File "<frozen importlib._bootstrap>", line 219, in _call_with_frames_removed
  File "/Users/ronghua.wu/workspace/littlepro/littlemall-backend-sql/backendsql/backendsql/api_urls.py", line 10, in <module>
    url(r'^session/', include('session.urls')),
  File "/Users/ronghua.wu/workspace/littlepro/littlemall-backend-sql/ll_env/lib/python3.7/site-packages/django/urls/conf.py", line 34, in include
    urlconf_module = import_module(urlconf_module)
  File "/Users/ronghua.wu/workspace/littlepro/littlemall-backend-sql/ll_env/lib/python3.7/importlib/__init__.py", line 127, in import_module
    return _bootstrap._gcd_import(name[level:], package, level)
  File "<frozen importlib._bootstrap>", line 1006, in _gcd_import
  File "<frozen importlib._bootstrap>", line 983, in _find_and_load
  File "<frozen importlib._bootstrap>", line 967, in _find_and_load_unlocked
  File "<frozen importlib._bootstrap>", line 677, in _load_unlocked
  File "<frozen importlib._bootstrap_external>", line 728, in exec_module
  File "<frozen importlib._bootstrap>", line 219, in _call_with_frames_removed
  File "/Users/ronghua.wu/workspace/littlepro/littlemall-backend-sql/backendsql/session/urls.py", line 5, in <module>
    from . import views
  File "/Users/ronghua.wu/workspace/littlepro/littlemall-backend-sql/backendsql/session/views.py", line 37
    return Result(200,'success',{
    ^
IndentationError: expected an indented block
Performing system checks...

Performing system checks...

System check identified no issues (0 silenced).
June 01, 2020 - 09:47:56
Django version 2.1.3, using settings 'backendsql.settings'
Starting development server at http://0:7106/
Quit the server with CONTROL-C.
Performing system checks...

System check identified no issues (0 silenced).
June 01, 2020 - 09:48:06
Django version 2.1.3, using settings 'backendsql.settings'
Starting development server at http://0:7106/
Quit the server with CONTROL-C.
Performing system checks...

System check identified no issues (0 silenced).
June 01, 2020 - 09:48:20
Django version 2.1.3, using settings 'backendsql.settings'
Starting development server at http://0:7106/
Quit the server with CONTROL-C.
Performing system checks...

System check identified no issues (0 silenced).
June 01, 2020 - 09:48:26
Django version 2.1.3, using settings 'backendsql.settings'
Starting development server at http://0:7106/
Quit the server with CONTROL-C.
Performing system checks...

System check identified no issues (0 silenced).
June 01, 2020 - 09:48:33
Django version 2.1.3, using settings 'backendsql.settings'
Starting development server at http://0:7106/
Quit the server with CONTROL-C.
Performing system checks...

System check identified no issues (0 silenced).
June 01, 2020 - 09:48:40
Django version 2.1.3, using settings 'backendsql.settings'
Starting development server at http://0:7106/
Quit the server with CONTROL-C.
Performing system checks...

System check identified no issues (0 silenced).
June 01, 2020 - 09:48:44
Django version 2.1.3, using settings 'backendsql.settings'
Starting development server at http://0:7106/
Quit the server with CONTROL-C.
Performing system checks...

System check identified no issues (0 silenced).
June 01, 2020 - 09:48:50
Django version 2.1.3, using settings 'backendsql.settings'
Starting development server at http://0:7106/
Quit the server with CONTROL-C.
Performing system checks...

System check identified no issues (0 silenced).
June 01, 2020 - 09:48:54
Django version 2.1.3, using settings 'backendsql.settings'
Starting development server at http://0:7106/
Quit the server with CONTROL-C.
Performing system checks...

System check identified no issues (0 silenced).
June 01, 2020 - 09:48:57
Django version 2.1.3, using settings 'backendsql.settings'
Starting development server at http://0:7106/
Quit the server with CONTROL-C.
Performing system checks...

System check identified no issues (0 silenced).
June 01, 2020 - 09:49:03
Django version 2.1.3, using settings 'backendsql.settings'
Starting development server at http://0:7106/
Quit the server with CONTROL-C.
Performing system checks...

System check identified no issues (0 silenced).
June 01, 2020 - 09:49:09
Django version 2.1.3, using settings 'backendsql.settings'
Starting development server at http://0:7106/
Quit the server with CONTROL-C.
Performing system checks...

System check identified no issues (0 silenced).
June 01, 2020 - 09:49:16
Django version 2.1.3, using settings 'backendsql.settings'
Starting development server at http://0:7106/
Quit the server with CONTROL-C.
Performing system checks...

System check identified no issues (0 silenced).
June 01, 2020 - 09:49:39
Django version 2.1.3, using settings 'backendsql.settings'
Starting development server at http://0:7106/
Quit the server with CONTROL-C.
Performing system checks...

System check identified no issues (0 silenced).
June 01, 2020 - 09:49:45
Django version 2.1.3, using settings 'backendsql.settings'
Starting development server at http://0:7106/
Quit the server with CONTROL-C.
Performing system checks...

System check identified no issues (0 silenced).
June 01, 2020 - 09:49:48
Django version 2.1.3, using settings 'backendsql.settings'
Starting development server at http://0:7106/
Quit the server with CONTROL-C.
Not Found: /api
[11/Jul/2020 03:15:51] "GET /api HTTP/1.1" 404 2057
Not Found: /favicon.ico
[11/Jul/2020 03:15:51] "GET /favicon.ico HTTP/1.1" 404 2081
Not Found: /
[11/Jul/2020 03:16:05] "GET / HTTP/1.1" 404 2030
Method Not Allowed: /api/user/register/
[11/Jul/2020 03:17:19] "GET /api/user/register/ HTTP/1.1" 405 5505
[11/Jul/2020 03:17:19] "GET /static/rest_framework/css/bootstrap.min.css HTTP/1.1" 200 121200
[11/Jul/2020 03:17:19] "GET /static/rest_framework/js/csrf.js HTTP/1.1" 200 1735
[11/Jul/2020 03:17:19] "GET /static/rest_framework/css/bootstrap-tweaks.css HTTP/1.1" 200 3385
[11/Jul/2020 03:17:19] "GET /static/rest_framework/css/prettify.css HTTP/1.1" 200 817
[11/Jul/2020 03:17:19] "GET /static/rest_framework/css/default.css HTTP/1.1" 200 1131
[11/Jul/2020 03:17:19] "GET /static/rest_framework/js/ajax-form.js HTTP/1.1" 200 3597
[11/Jul/2020 03:17:19] "GET /static/rest_framework/js/jquery-3.3.1.min.js HTTP/1.1" 200 86927
[11/Jul/2020 03:17:19] "GET /static/rest_framework/js/default.js HTTP/1.1" 200 1268
[11/Jul/2020 03:17:19] "GET /static/rest_framework/js/prettify-min.js HTTP/1.1" 200 13632
[11/Jul/2020 03:17:19] "GET /static/rest_framework/js/bootstrap.min.js HTTP/1.1" 200 37045
[11/Jul/2020 03:17:19] "GET /static/rest_framework/img/grid.png HTTP/1.1" 200 1458
Not Found: /api/
[11/Jul/2020 03:17:26] "GET /api/ HTTP/1.1" 404 2749
Method Not Allowed: /api/user/register/
[11/Jul/2020 03:24:32] "GET /api/user/register/ HTTP/1.1" 405 5505
Method Not Allowed: /api/user/register/
[11/Jul/2020 03:24:33] "GET /api/user/register/ HTTP/1.1" 405 5505
Method Not Allowed: /api/user/register/
[11/Jul/2020 03:25:00] "GET /api/user/register/ HTTP/1.1" 405 5505
Method Not Allowed: /api/user/register/
[11/Jul/2020 03:25:01] "GET /api/user/register/ HTTP/1.1" 405 5505
Method Not Allowed: /api/user/register/
[11/Jul/2020 03:25:01] "GET /api/user/register/ HTTP/1.1" 405 5505
Not Found: /
[11/Jul/2020 03:25:03] "GET / HTTP/1.1" 404 2030
Not Found: /
[11/Jul/2020 03:25:33] "GET / HTTP/1.1" 404 2030
Not Found: /
[11/Jul/2020 03:25:34] "GET / HTTP/1.1" 404 2030
Not Found: /
[11/Jul/2020 03:25:34] "GET / HTTP/1.1" 404 2030
Not Found: /
[11/Jul/2020 03:25:45] "GET / HTTP/1.1" 404 2030
Not Found: /favicon.ico
[11/Jul/2020 03:25:45] "GET /favicon.ico HTTP/1.1" 404 2081
Not Found: /
[11/Jul/2020 03:26:48] "GET / HTTP/1.1" 404 2030
Not Found: /
[11/Jul/2020 03:26:49] "GET / HTTP/1.1" 404 2030
Not Found: /
[11/Jul/2020 03:26:49] "GET / HTTP/1.1" 404 2030
Not Found: /
[11/Jul/2020 03:26:59] "GET / HTTP/1.1" 404 2030
Not Found: /
[11/Jul/2020 03:33:37] "GET / HTTP/1.1" 404 2030
Not Found: /
[11/Jul/2020 03:34:30] "GET / HTTP/1.1" 404 2030
Not Found: /
[11/Jul/2020 03:34:31] "GET / HTTP/1.1" 404 2030
Not Found: /
[11/Jul/2020 03:34:31] "GET / HTTP/1.1" 404 2030
Not Found: /
[11/Jul/2020 03:34:31] "GET / HTTP/1.1" 404 2030
